[Licensing::Module] Trying to connect to existing licensing client channel...
Built from '6000.3/staging' branch; Version is '6000.3.4f1 (fdd3b8998ec4) revision 16634808'; Using compiler version '194234433'; Build Type 'Release'
[Licensing::IpcConnector] Successfully connected to: "LicenseClient-03051" at "2026-02-22T10:25:22.1344571Z"
OS: 'Windows 11  (10.0.26200) Professional' Language: 'ru' Physical Memory: 16236 MB
BatchMode: 1, IsHumanControllingUs: 0, StartBugReporterOnCrash: 0, Is64bit: 1
System  architecture: x64
Process architecture: x64
Date: 2026-02-22T10:25:22Z

COMMAND LINE ARGUMENTS:
E:\unity\6000.3.4f1\Editor\Unity.exe
-adb2
-batchMode
-noUpm
-name
AssetImportWorker5
-projectPath
E:/Unity Project/sunnyland2DВ4312
-logFile
Logs/AssetImportWorker5.log
-srvPort
64709
-job-worker-count
11
-background-job-worker-count
8
-gc-helper-count
1
-name
AssetImport
Successfully changed project path to: E:/Unity Project/sunnyland2DВ4312
E:/Unity Project/sunnyland2DВ4312
[UnityMemory] Configuration Parameters - Can be set up in boot.config
    "memorysetup-temp-allocator-size-nav-mesh-worker=65536"
    "memorysetup-temp-allocator-size-audio-worker=65536"
    "memorysetup-temp-allocator-size-gfx=262144"
    "memorysetup-allocator-temp-initial-block-size-main=262144"
    "memorysetup-allocator-temp-initial-block-size-worker=262144"
    "memorysetup-temp-allocator-size-background-worker=32768"
    "memorysetup-temp-allocator-size-job-worker=262144"
    "memorysetup-temp-allocator-size-preload-manager=33554432"
    "memorysetup-temp-allocator-size-gi-baking-worker=262144"
    "memorysetup-temp-allocator-size-gi-baking-worker=262144"
    "memorysetup-temp-allocator-size-gi-baking-worker=262144"
    "memorysetup-temp-allocator-size-gi-baking-worker=262144"
    "memorysetup-temp-allocator-size-gi-baking-worker=262144"
    "memorysetup-bucket-allocator-granularity=16"
    "memorysetup-bucket-allocator-bucket-count=8"
    "memorysetup-bucket-allocator-block-size=33554432"
    "memorysetup-bucket-allocator-block-count=8"
    "memorysetup-main-allocator-block-size=16777216"
    "memorysetup-thread-allocator-block-size=16777216"
    "memorysetup-gfx-main-allocator-block-size=16777216"
    "memorysetup-gfx-thread-allocator-block-size=16777216"
    "memorysetup-cache-allocator-block-size=4194304"
    "memorysetup-typetree-allocator-block-size=2097152"
    "memorysetup-profiler-bucket-allocator-granularity=16"
    "memorysetup-profiler-bucket-allocator-bucket-count=8"
    "memorysetup-profiler-bucket-allocator-block-size=33554432"
    "memorysetup-profiler-bucket-allocator-block-count=8"
    "memorysetup-profiler-allocator-block-size=16777216"
    "memorysetup-profiler-editor-allocator-block-size=1048576"
    "memorysetup-temp-allocator-size-main=16777216"
    "memorysetup-job-temp-allocator-block-size=2097152"
    "memorysetup-job-temp-allocator-block-size-background=1048576"
    "memorysetup-job-temp-allocator-reduction-small-platforms=262144"
    "memorysetup-temp-allocator-size-cloud-worker=32768"
Player connection [2988]  Target information:

Player connection [2988]  * "[IP] 192.168.0.109 [Port] 0 [Flags] 2 [Guid] 1589671653 [EditorId] 1589671653 [Version] 1048832 [Id] WindowsEditor(7,AndrewPC) [Debug] 1 [PackageName] WindowsEditor [ProjectName] Editor" 

Player connection [2988]  * "[IP] 192.168.56.1 [Port] 0 [Flags] 2 [Guid] 1589671653 [EditorId] 1589671653 [Version] 1048832 [Id] WindowsEditor(7,AndrewPC) [Debug] 1 [PackageName] WindowsEditor [ProjectName] Editor" 

Player connection [2988] Host joined multi-casting on [225.0.0.222:54997]...
Player connection [2988] Host joined alternative multi-casting on [225.0.0.222:34997]...
JobSystem: Creating JobQueue using job-worker-count value 11
Input System module state changed to: Initialized.
[Physics::Module] Initialized fallback backend.
[Physics::Module] Id: 0xdecafbad
Library Redirect Path: Library/
[Physics::Module] Selected backend.
[Physics::Module] Name: PhysX
[Physics::Module] Id: 0xf2b8ea05
[Physics::Module] SDK Version: 4.1.2
[Physics::Module] Integration Version: 1.0.0
[Physics::Module] Threading Mode: Multi-Threaded
Refreshing native plugins compatible for Editor in 322.63 ms, found 4 plugins.
Preloading 0 native plugins for Editor in 0.00 ms.
Initialize engine version: 6000.3.4f1 (fdd3b8998ec4)
[Subsystems] Discovering subsystems at path E:/unity/6000.3.4f1/Editor/Data/Resources/UnitySubsystems
[Subsystems] Discovering subsystems at path E:/Unity Project/sunnyland2DВ4312/Assets
GfxDevice: creating device client; kGfxThreadingModeNonThreaded
Direct3D:
    Version:  Direct3D 11.0 [level 11.1]
    Renderer: AMD Radeon RX 580 2048SP (ID=0x6fdf)
    Vendor:   ATI
    VRAM:     8170 MB
    Driver:   31.0.12027.9001
Initialize mono
Mono path[0] = 'E:/unity/6000.3.4f1/Editor/Data/Managed'
Mono path[1] = 'E:/unity/6000.3.4f1/Editor/Data/MonoBleedingEdge/lib/mono/unityjit-win32'
Mono config path = 'E:/unity/6000.3.4f1/Editor/Data/MonoBleedingEdge/etc'
Using monoOptions --debugger-agent=transport=dt_socket,embedding=1,server=y,suspend=n,address=127.0.0.1:56092
Begin MonoManager ReloadAssembly
Registering precompiled unity dll's ...
Register platform support module: E:/unity/6000.3.4f1/Editor/Data/PlaybackEngines/WebGLSupport/UnityEditor.WebGL.Extensions.dll
Register platform support module: E:/unity/6000.3.4f1/Editor/Data/PlaybackEngines/WindowsStandaloneSupport/UnityEditor.WindowsStandalone.Extensions.dll
Registered in 0.002384 seconds.
- Loaded All Assemblies, in  1.159 seconds
Native extension for WindowsStandalone target not found
Native extension for WebGL target not found
[Licensing::Client] Handshaking with LicensingClient:
  Version:                 1.17.4+4293ba1
  Session Id:              3a26df1b1e934603844e36cf76e7b96b
  Correlation Id:          f5bac9d733b35ea10d29f85a78885900
  External correlation Id: 2241656085258902581
  Machine Id:              fl+u5cdejddwypgSW6GhqK0MRfU=
[Licensing::Module] Successfully connected to LicensingClient on channel: "LicenseClient-03051" (connect: 0.00s, validation: 0.00s, handshake: 3.13s)
[Licensing::IpcConnector] Successfully connected to: "LicenseClient-03051-notifications" at "2026-02-22T10:25:25.2690248Z"
[Licensing::Module] Licensing Background thread has ended after 3.14s
ScheduleIndexationOnStartup MainProcess:False IndexOnStartup:True
Mono: successfully reloaded assembly
- Finished resetting the current domain, in  1.012 seconds
Domain Reload Profiling: 2169ms
	BeginReloadAssembly (402ms)
		ExecutionOrderSort (0ms)
		DisableScriptedObjects (0ms)
		BackupInstance (0ms)
		ReleaseScriptingObjects (0ms)
		CreateAndSetChildDomain (1ms)
	RebuildCommonClasses (109ms)
	RebuildNativeTypeToScriptingClass (42ms)
	initialDomainReloadingComplete (101ms)
	LoadAllAssembliesAndSetupDomain (503ms)
		LoadAssemblies (401ms)
		RebuildTransferFunctionScriptingTraits (0ms)
		AnalyzeDomain (497ms)
			TypeCache.Refresh (491ms)
				TypeCache.ScanAssembly (457ms)
			BuildScriptInfoCaches (0ms)
			ResolveRequiredComponents (1ms)
	FinalizeReload (1012ms)
		ReleaseScriptCaches (0ms)
		RebuildScriptCaches (0ms)
		SetupLoadedEditorAssemblies (905ms)
			LogAssemblyErrors (0ms)
			InitializePlatformSupportModulesInManaged (131ms)
			SetLoadedEditorAssemblies (9ms)
			BeforeProcessingInitializeOnLoad (249ms)
			ProcessInitializeOnLoadAttributes (352ms)
			ProcessInitializeOnLoadMethodAttributes (164ms)
			AfterProcessingInitializeOnLoad (0ms)
			EditorAssembliesLoaded (0ms)
		ExecutionOrderSort2 (0ms)
		AwakeInstancesAfterBackupRestoration (0ms)
========================================================================
Worker process is ready to serve import requests
Import Worker Mode flag is 0x00
Begin MonoManager ReloadAssembly
[Licensing::Client] Successfully resolved entitlement details
[Licensing::Module] License group:
  Id: 10171059585381-UnityPersXXXX
  Product: Unity Personal
  Type: Assigned
  Expiration: Unlimited
- Loaded All Assemblies, in  1.417 seconds
Refreshing native plugins compatible for Editor in 1.86 ms, found 4 plugins.
Native extension for WindowsStandalone target not found
Native extension for WebGL target not found
Package Manager log level set to [2]
[Package Manager] Failed to launch server process. Reason: Unity was launched with the -noUpm command-line argument
[Package Manager] Unable to send message (not connected to server process).
[Package Manager] Cannot connect to Unity Package Manager local server
ScheduleIndexationOnStartup MainProcess:False IndexOnStartup:True
Mono: successfully reloaded assembly
- Finished resetting the current domain, in  1.256 seconds
Domain Reload Profiling: 2672ms
	BeginReloadAssembly (358ms)
		ExecutionOrderSort (0ms)
		DisableScriptedObjects (13ms)
		BackupInstance (0ms)
		ReleaseScriptingObjects (0ms)
		CreateAndSetChildDomain (67ms)
	RebuildCommonClasses (87ms)
	RebuildNativeTypeToScriptingClass (29ms)
	initialDomainReloadingComplete (74ms)
	LoadAllAssembliesAndSetupDomain (867ms)
		LoadAssemblies (657ms)
		RebuildTransferFunctionScriptingTraits (0ms)
		AnalyzeDomain (402ms)
			TypeCache.Refresh (303ms)
				TypeCache.ScanAssembly (277ms)
			BuildScriptInfoCaches (80ms)
			ResolveRequiredComponents (10ms)
	FinalizeReload (1257ms)
		ReleaseScriptCaches (0ms)
		RebuildScriptCaches (0ms)
		SetupLoadedEditorAssemblies (1044ms)
			LogAssemblyErrors (0ms)
			InitializePlatformSupportModulesInManaged (4ms)
			SetLoadedEditorAssemblies (10ms)
			BeforeProcessingInitializeOnLoad (281ms)
			ProcessInitializeOnLoadAttributes (633ms)
			ProcessInitializeOnLoadMethodAttributes (110ms)
			AfterProcessingInitializeOnLoad (6ms)
			EditorAssembliesLoaded (0ms)
		ExecutionOrderSort2 (0ms)
		AwakeInstancesAfterBackupRestoration (12ms)
Launched and connected shader compiler UnityShaderCompiler.exe after 0.02 seconds
Refreshing native plugins compatible for Editor in 2.00 ms, found 4 plugins.
Preloading 0 native plugins for Editor in 0.00 ms.
Unloading 0 Unused Serialized files (Serialized files now loaded: 0)
Unloading 5014 unused Assets / (1.1 MB). Loaded Objects now: 5597.
Memory consumption went from 101.4 MB to 100.2 MB.
Total: 13.758800 ms (FindLiveObjects: 1.209200 ms CreateObjectMapping: 1.205800 ms MarkObjects: 9.215300 ms  DeleteObjects: 2.127000 ms)

========================================================================
Received Import Request.
  Time since last request: 3082.297158 seconds.
  path: Assets/SimplePixelUI/prefabs/Half_color_customizible/square/ScrollBar/Scrollbar.prefab
  artifactKey: Guid(aebfead96d14d464dbebd283b9398b33) Importer(2089858483,b0f066a214c2f5e87bad3c948f4d605d)
Start importing Assets/SimplePixelUI/prefabs/Half_color_customizible/square/ScrollBar/Scrollbar.prefab using Guid(aebfead96d14d464dbebd283b9398b33) Importer(2089858483,b0f066a214c2f5e87bad3c948f4d605d) (ScriptedImporter) -> (artifact id: 'e5a78b1f2750a24983b7df73134f8bb6') in 0.3012938 seconds
Number of updated asset objects reloaded before import = 0Number of asset objects unloaded after import = 16

========================================================================
Received Import Request.
  Time since last request: 0.000036 seconds.
  path: Assets/SimplePixelUI/artwork/colorCustomizible/square/health_bar.png
  artifactKey: Guid(82306ec1555e74d41b5fc97d5e09f8e2) Importer(2089858483,b0f066a214c2f5e87bad3c948f4d605d)
Start importing Assets/SimplePixelUI/artwork/colorCustomizible/square/health_bar.png using Guid(82306ec1555e74d41b5fc97d5e09f8e2) Importer(2089858483,b0f066a214c2f5e87bad3c948f4d605d) (ScriptedImporter) -> (artifact id: '29c91772f34e896cd755a136bd9124aa') in 0.0899813 seconds
Number of updated asset objects reloaded before import = 0Number of asset objects unloaded after import = 3

========================================================================
Received Import Request.
  Time since last request: 0.000046 seconds.
  path: Assets/SimplePixelUI/artwork/gray/rounded/Slot3D_rounded_GB.png
  artifactKey: Guid(e6740c9f7a7baa14295478a4b5643c75) Importer(2089858483,b0f066a214c2f5e87bad3c948f4d605d)
Start importing Assets/SimplePixelUI/artwork/gray/rounded/Slot3D_rounded_GB.png using Guid(e6740c9f7a7baa14295478a4b5643c75) Importer(2089858483,b0f066a214c2f5e87bad3c948f4d605d) (ScriptedImporter) -> (artifact id: 'd49521cfc440906422ade5d935a8f5f1') in 0.0248483 seconds
Number of updated asset objects reloaded before import = 0Number of asset objects unloaded after import = 3

========================================================================
Received Import Request.
  Time since last request: 0.000030 seconds.
  path: Assets/SimplePixelUI/prefabs/Half_color_customizible/square/ScrollBar/ScrollbarLR.prefab
  artifactKey: Guid(fb1fbcdad467ab94a80d1ded96a23d21) Importer(2089858483,b0f066a214c2f5e87bad3c948f4d605d)
Start importing Assets/SimplePixelUI/prefabs/Half_color_customizible/square/ScrollBar/ScrollbarLR.prefab using Guid(fb1fbcdad467ab94a80d1ded96a23d21) Importer(2089858483,b0f066a214c2f5e87bad3c948f4d605d) (ScriptedImporter) -> (artifact id: 'dd6cf6446bc2ac5e41ee4e002394b665') in 0.0310485 seconds
Number of updated asset objects reloaded before import = 0Number of asset objects unloaded after import = 16

========================================================================
Received Import Request.
  Time since last request: 0.000033 seconds.
  path: Assets/SimplePixelUI/prefabs/Half_color_customizible/square/Inventory.prefab
  artifactKey: Guid(d7b27cefb8f78bf4b988766fe2ac0aca) Importer(2089858483,b0f066a214c2f5e87bad3c948f4d605d)
Start importing Assets/SimplePixelUI/prefabs/Half_color_customizible/square/Inventory.prefab using Guid(d7b27cefb8f78bf4b988766fe2ac0aca) Importer(2089858483,b0f066a214c2f5e87bad3c948f4d605d) (ScriptedImporter) -> (artifact id: '353fb72b6ea8b8effc0ad26a0c4c95fd') in 0.0210897 seconds
Number of updated asset objects reloaded before import = 0Number of asset objects unloaded after import = 54

========================================================================
Received Import Request.
  Time since last request: 0.000030 seconds.
  path: Assets/SimplePixelUI/artwork/colorCustomizible/rounded/Slot3D_rounded_CC.png
  artifactKey: Guid(507d7869273b8054b8ca31e853b6b39c) Importer(2089858483,b0f066a214c2f5e87bad3c948f4d605d)
Start importing Assets/SimplePixelUI/artwork/colorCustomizible/rounded/Slot3D_rounded_CC.png using Guid(507d7869273b8054b8ca31e853b6b39c) Importer(2089858483,b0f066a214c2f5e87bad3c948f4d605d) (ScriptedImporter) -> (artifact id: 'd6133192b1941fce77750d9bdba8e70e') in 0.0286493 seconds
Number of updated asset objects reloaded before import = 0Number of asset objects unloaded after import = 3

========================================================================
Received Import Request.
  Time since last request: 0.000027 seconds.
  path: Assets/SimplePixelUI/artwork/halfcustomizible/square/Buttons/button_2.png
  artifactKey: Guid(3eb9334422defff42b79c46e59b2f7d6) Importer(2089858483,b0f066a214c2f5e87bad3c948f4d605d)
Start importing Assets/SimplePixelUI/artwork/halfcustomizible/square/Buttons/button_2.png using Guid(3eb9334422defff42b79c46e59b2f7d6) Importer(2089858483,b0f066a214c2f5e87bad3c948f4d605d) (ScriptedImporter) -> (artifact id: 'cedd3f0f5575e944d6c59e4b5ff4f731') in 0.0246596 seconds
Number of updated asset objects reloaded before import = 0Number of asset objects unloaded after import = 3

========================================================================
Received Import Request.
  Time since last request: 0.000025 seconds.
  path: Assets/SimplePixelUI/artwork/colorCustomizible/square/scroll_horizontal/handle.png
  artifactKey: Guid(da9f666cc08d2574087de987fd6feb78) Importer(2089858483,b0f066a214c2f5e87bad3c948f4d605d)
Start importing Assets/SimplePixelUI/artwork/colorCustomizible/square/scroll_horizontal/handle.png using Guid(da9f666cc08d2574087de987fd6feb78) Importer(2089858483,b0f066a214c2f5e87bad3c948f4d605d) (ScriptedImporter) -> (artifact id: '18153db9cefcb4d27b331daa2a9187ef') in 0.0226086 seconds
Number of updated asset objects reloaded before import = 0Number of asset objects unloaded after import = 3

========================================================================
Received Import Request.
  Time since last request: 0.000039 seconds.
  path: Assets/SimplePixelUI/artwork/colorCustomizible/rounded/Background_CC_rounded.png
  artifactKey: Guid(8117ad03e7d28324f97b6eddfdcd1e1d) Importer(2089858483,b0f066a214c2f5e87bad3c948f4d605d)
Start importing Assets/SimplePixelUI/artwork/colorCustomizible/rounded/Background_CC_rounded.png using Guid(8117ad03e7d28324f97b6eddfdcd1e1d) Importer(2089858483,b0f066a214c2f5e87bad3c948f4d605d) (ScriptedImporter) -> (artifact id: 'c246c93294966c9b6829be0f3476e0a1') in 0.026697 seconds
Number of updated asset objects reloaded before import = 0Number of asset objects unloaded after import = 3

========================================================================
Received Import Request.
  Time since last request: 0.000039 seconds.
  path: Assets/SimplePixelUI/prefabs/Half_color_customizible/square/Health_bar/HealthBar_TB 1.prefab
  artifactKey: Guid(9a6362179e1e29540953ce3e35d51815) Importer(2089858483,b0f066a214c2f5e87bad3c948f4d605d)
Start importing Assets/SimplePixelUI/prefabs/Half_color_customizible/square/Health_bar/HealthBar_TB 1.prefab using Guid(9a6362179e1e29540953ce3e35d51815) Importer(2089858483,b0f066a214c2f5e87bad3c948f4d605d) (ScriptedImporter) -> (artifact id: 'd8e21773963b30d39bcc2b3ea1e5d7a4') in 0.0461704 seconds
Number of updated asset objects reloaded before import = 0Number of asset objects unloaded after import = 16

========================================================================
Received Import Request.
  Time since last request: 0.000038 seconds.
  path: Assets/SimplePixelUI/artwork/halfcustomizible/square/Background.png
  artifactKey: Guid(415f47e567b53254d89b2a71143dd6a6) Importer(2089858483,b0f066a214c2f5e87bad3c948f4d605d)
Start importing Assets/SimplePixelUI/artwork/halfcustomizible/square/Background.png using Guid(415f47e567b53254d89b2a71143dd6a6) Importer(2089858483,b0f066a214c2f5e87bad3c948f4d605d) (ScriptedImporter) -> (artifact id: '89b1303a4522de80b1f0179e40370581') in 0.0263381 seconds
Number of updated asset objects reloaded before import = 0Number of asset objects unloaded after import = 3

========================================================================
Received Import Request.
  Time since last request: 0.000052 seconds.
  path: Assets/SimplePixelUI/fonts
  artifactKey: Guid(162d4da9bc4ab2f41abc92be382336c2) Importer(2089858483,b0f066a214c2f5e87bad3c948f4d605d)
Start importing Assets/SimplePixelUI/fonts using Guid(162d4da9bc4ab2f41abc92be382336c2) Importer(2089858483,b0f066a214c2f5e87bad3c948f4d605d) (ScriptedImporter) -> (artifact id: 'ae73e1449999cc628a860a4a2a00c160') in 0.0162335 seconds
Number of updated asset objects reloaded before import = 0Number of asset objects unloaded after import = 1

========================================================================
Received Import Request.
  Time since last request: 0.000063 seconds.
  path: Assets/SimplePixelUI/prefabs/Gray_black/rounded/border.prefab
  artifactKey: Guid(9adec77f842a3fb488c3b6df9807c670) Importer(2089858483,b0f066a214c2f5e87bad3c948f4d605d)
Start importing Assets/SimplePixelUI/prefabs/Gray_black/rounded/border.prefab using Guid(9adec77f842a3fb488c3b6df9807c670) Importer(2089858483,b0f066a214c2f5e87bad3c948f4d605d) (ScriptedImporter) -> (artifact id: 'b1635a26659c3ba0d936f952ae6cf1ca') in 0.0211514 seconds
Number of updated asset objects reloaded before import = 0Number of asset objects unloaded after import = 8

========================================================================
Received Import Request.
  Time since last request: 0.000030 seconds.
  path: Assets/SimplePixelUI/prefabs/Half_color_customizible/square/Slider 2/Slider 2 RL.prefab
  artifactKey: Guid(879752424b6383642a28d43d1b27cea5) Importer(2089858483,b0f066a214c2f5e87bad3c948f4d605d)
Start importing Assets/SimplePixelUI/prefabs/Half_color_customizible/square/Slider 2/Slider 2 RL.prefab using Guid(879752424b6383642a28d43d1b27cea5) Importer(2089858483,b0f066a214c2f5e87bad3c948f4d605d) (ScriptedImporter) -> (artifact id: '7aea5575869822e73613138496c3ac44') in 0.0274806 seconds
Number of updated asset objects reloaded before import = 0Number of asset objects unloaded after import = 24

========================================================================
Received Import Request.
  Time since last request: 0.000033 seconds.
  path: Assets/SimplePixelUI/prefabs/Half_color_customizible/square/slider3/SliderBT.prefab
  artifactKey: Guid(cfa04c92de5acc347b92ab7666c2a747) Importer(2089858483,b0f066a214c2f5e87bad3c948f4d605d)
Start importing Assets/SimplePixelUI/prefabs/Half_color_customizible/square/slider3/SliderBT.prefab using Guid(cfa04c92de5acc347b92ab7666c2a747) Importer(2089858483,b0f066a214c2f5e87bad3c948f4d605d) (ScriptedImporter) -> (artifact id: '4d33611adab41e44e71efe5ab22f4851') in 0.027967 seconds
Number of updated asset objects reloaded before import = 0Number of asset objects unloaded after import = 25

========================================================================
Received Import Request.
  Time since last request: 0.000033 seconds.
  path: Assets/SimplePixelUI/artwork/colorCustomizible/rounded/bar_rounded_CC_horizontal.png
  artifactKey: Guid(ebe09f4a5655764478eb1eaf871ee9ab) Importer(2089858483,b0f066a214c2f5e87bad3c948f4d605d)
Start importing Assets/SimplePixelUI/artwork/colorCustomizible/rounded/bar_rounded_CC_horizontal.png using Guid(ebe09f4a5655764478eb1eaf871ee9ab) Importer(2089858483,b0f066a214c2f5e87bad3c948f4d605d) (ScriptedImporter) -> (artifact id: '3c0b9a75d5413994a5ae4c1b824be776') in 0.0250296 seconds
Number of updated asset objects reloaded before import = 0Number of asset objects unloaded after import = 3

========================================================================
Received Import Request.
  Time since last request: 0.000029 seconds.
  path: Assets/SimplePixelUI/prefabs/Gray_black/rounded/Inventory.prefab
  artifactKey: Guid(569801959b8517443825f7b42a65f256) Importer(2089858483,b0f066a214c2f5e87bad3c948f4d605d)
Start importing Assets/SimplePixelUI/prefabs/Gray_black/rounded/Inventory.prefab using Guid(569801959b8517443825f7b42a65f256) Importer(2089858483,b0f066a214c2f5e87bad3c948f4d605d) (ScriptedImporter) -> (artifact id: '938f391fdd37a88850a43af03269f7cc') in 0.0220528 seconds
Number of updated asset objects reloaded before import = 0Number of asset objects unloaded after import = 53

========================================================================
Received Import Request.
  Time since last request: 0.000035 seconds.
  path: Assets/SimplePixelUI/artwork/gray/square/slot3D.png
  artifactKey: Guid(ab03c476b4151f543989da24826e87c7) Importer(2089858483,b0f066a214c2f5e87bad3c948f4d605d)
Start importing Assets/SimplePixelUI/artwork/gray/square/slot3D.png using Guid(ab03c476b4151f543989da24826e87c7) Importer(2089858483,b0f066a214c2f5e87bad3c948f4d605d) (ScriptedImporter) -> (artifact id: 'f987d91d53ae69b8e3185b5f0a2450b2') in 0.0267137 seconds
Number of updated asset objects reloaded before import = 0Number of asset objects unloaded after import = 3

========================================================================
Received Import Request.
  Time since last request: 0.000024 seconds.
  path: Assets/SimplePixelUI/artwork/gray/square/slot.png
  artifactKey: Guid(ab1037114fbed5141883fe36c5c1055d) Importer(2089858483,b0f066a214c2f5e87bad3c948f4d605d)
Start importing Assets/SimplePixelUI/artwork/gray/square/slot.png using Guid(ab1037114fbed5141883fe36c5c1055d) Importer(2089858483,b0f066a214c2f5e87bad3c948f4d605d) (ScriptedImporter) -> (artifact id: '787f266708c6d985416ad9053f2bf800') in 0.0229773 seconds
Number of updated asset objects reloaded before import = 0Number of asset objects unloaded after import = 3

========================================================================
Received Import Request.
  Time since last request: 0.000028 seconds.
  path: Assets/SimplePixelUI/artwork/halfcustomizible/rounded/buttons/button2_rounded_HCC.png
  artifactKey: Guid(e4047f1078050064dbc10bd5a407974a) Importer(2089858483,b0f066a214c2f5e87bad3c948f4d605d)
Start importing Assets/SimplePixelUI/artwork/halfcustomizible/rounded/buttons/button2_rounded_HCC.png using Guid(e4047f1078050064dbc10bd5a407974a) Importer(2089858483,b0f066a214c2f5e87bad3c948f4d605d) (ScriptedImporter) -> (artifact id: '6ee0a1541141221a264a2b66c60f93f8') in 0.0226697 seconds
Number of updated asset objects reloaded before import = 0Number of asset objects unloaded after import = 3

========================================================================
Received Import Request.
  Time since last request: 0.000028 seconds.
  path: Assets/SimplePixelUI/update 1.15/dropdown_rounded_HCC.png
  artifactKey: Guid(7f4dc7bd10a451142a52da3094c23e3a) Importer(2089858483,b0f066a214c2f5e87bad3c948f4d605d)
Start importing Assets/SimplePixelUI/update 1.15/dropdown_rounded_HCC.png using Guid(7f4dc7bd10a451142a52da3094c23e3a) Importer(2089858483,b0f066a214c2f5e87bad3c948f4d605d) (ScriptedImporter) -> (artifact id: 'ee793139e21cc046b1a07174ad81d662') in 0.0348273 seconds
Number of updated asset objects reloaded before import = 0Number of asset objects unloaded after import = 3

========================================================================
Received Import Request.
  Time since last request: 0.000042 seconds.
  path: Assets/SimplePixelUI/artwork/halfcustomizible/rounded/Background_HCC_rounded.png
  artifactKey: Guid(125772fa577f22c42971097edbeefae9) Importer(2089858483,b0f066a214c2f5e87bad3c948f4d605d)
Start importing Assets/SimplePixelUI/artwork/halfcustomizible/rounded/Background_HCC_rounded.png using Guid(125772fa577f22c42971097edbeefae9) Importer(2089858483,b0f066a214c2f5e87bad3c948f4d605d) (ScriptedImporter) -> (artifact id: '440ebcf073900acdc69da2e9b43dbea9') in 0.0287143 seconds
Number of updated asset objects reloaded before import = 0Number of asset objects unloaded after import = 3

========================================================================
Received Import Request.
  Time since last request: 0.000025 seconds.
  path: Assets/SimplePixelUI/artwork/halfcustomizible/square/Slider2/filled_Vertical.png
  artifactKey: Guid(32d3bb09bf130af4fb377fff97a9fdf9) Importer(2089858483,b0f066a214c2f5e87bad3c948f4d605d)
Start importing Assets/SimplePixelUI/artwork/halfcustomizible/square/Slider2/filled_Vertical.png using Guid(32d3bb09bf130af4fb377fff97a9fdf9) Importer(2089858483,b0f066a214c2f5e87bad3c948f4d605d) (ScriptedImporter) -> (artifact id: '962ec396f783dfa0607000af21f6cf92') in 0.0233916 seconds
Number of updated asset objects reloaded before import = 0Number of asset objects unloaded after import = 3

========================================================================
Received Import Request.
  Time since last request: 0.076452 seconds.
  path: Assets/SimplePixelUI/artwork/colorCustomizible/rounded/buttons/button_rounded_CC.png
  artifactKey: Guid(434fa6af2ca63ad4ba4ea00b9270653b) Importer(2089858483,b0f066a214c2f5e87bad3c948f4d605d)
Start importing Assets/SimplePixelUI/artwork/colorCustomizible/rounded/buttons/button_rounded_CC.png using Guid(434fa6af2ca63ad4ba4ea00b9270653b) Importer(2089858483,b0f066a214c2f5e87bad3c948f4d605d) (ScriptedImporter) -> (artifact id: '2e03837fc92343cc2a211b51aa4f81be') in 0.0244331 seconds
Number of updated asset objects reloaded before import = 0Number of asset objects unloaded after import = 3

========================================================================
Received Import Request.
  Time since last request: 0.000125 seconds.
  path: Assets/SimplePixelUI/artwork/colorCustomizible/square/Buttons
  artifactKey: Guid(c314076aa6dc28e4489129547cdb65f0) Importer(2089858483,b0f066a214c2f5e87bad3c948f4d605d)
Start importing Assets/SimplePixelUI/artwork/colorCustomizible/square/Buttons using Guid(c314076aa6dc28e4489129547cdb65f0) Importer(2089858483,b0f066a214c2f5e87bad3c948f4d605d) (ScriptedImporter) -> (artifact id: '1cc8ea5366635141139febaf0577a1bf') in 0.0140002 seconds
Number of updated asset objects reloaded before import = 0Number of asset objects unloaded after import = 1

========================================================================
Received Import Request.
  Time since last request: 0.000215 seconds.
  path: Assets/SimplePixelUI/artwork/halfcustomizible/square/Buttons/button_1.png
  artifactKey: Guid(fa851e716c72bec419b716612454ae3d) Importer(2089858483,b0f066a214c2f5e87bad3c948f4d605d)
Start importing Assets/SimplePixelUI/artwork/halfcustomizible/square/Buttons/button_1.png using Guid(fa851e716c72bec419b716612454ae3d) Importer(2089858483,b0f066a214c2f5e87bad3c948f4d605d) (ScriptedImporter) -> (artifact id: '80a0c95c10d2753f28977c60aac5d110') in 0.0255244 seconds
Number of updated asset objects reloaded before import = 0Number of asset objects unloaded after import = 3

========================================================================
Received Import Request.
  Time since last request: 0.000031 seconds.
  path: Assets/SimplePixelUI/artwork/halfcustomizible/square/Buttons/button_small_2.png
  artifactKey: Guid(d069eee53ae0d4a4e9a92c1eac8b065c) Importer(2089858483,b0f066a214c2f5e87bad3c948f4d605d)
Start importing Assets/SimplePixelUI/artwork/halfcustomizible/square/Buttons/button_small_2.png using Guid(d069eee53ae0d4a4e9a92c1eac8b065c) Importer(2089858483,b0f066a214c2f5e87bad3c948f4d605d) (ScriptedImporter) -> (artifact id: 'c91376e343ec54297c3cccd02d5710a1') in 0.0277098 seconds
Number of updated asset objects reloaded before import = 0Number of asset objects unloaded after import = 3

========================================================================
Received Import Request.
  Time since last request: 0.000029 seconds.
  path: Assets/SimplePixelUI/prefabs/color_customizible/square/buttons/button_1.prefab
  artifactKey: Guid(db8519fc5261b894484aa1a8d6488f4c) Importer(2089858483,b0f066a214c2f5e87bad3c948f4d605d)
Start importing Assets/SimplePixelUI/prefabs/color_customizible/square/buttons/button_1.prefab using Guid(db8519fc5261b894484aa1a8d6488f4c) Importer(2089858483,b0f066a214c2f5e87bad3c948f4d605d) (ScriptedImporter) -> (artifact id: '58073d12c2e4d3f369d8faf629b163d1') in 0.0328412 seconds
Number of updated asset objects reloaded before import = 0Number of asset objects unloaded after import = 9

========================================================================
Received Import Request.
  Time since last request: 0.000041 seconds.
  path: Assets/SimplePixelUI/prefabs/color_customizible/square/Border.prefab
  artifactKey: Guid(e1240dc34e7b6494c998a75a360a259b) Importer(2089858483,b0f066a214c2f5e87bad3c948f4d605d)
Start importing Assets/SimplePixelUI/prefabs/color_customizible/square/Border.prefab using Guid(e1240dc34e7b6494c998a75a360a259b) Importer(2089858483,b0f066a214c2f5e87bad3c948f4d605d) (ScriptedImporter) -> (artifact id: '8d0dc8e7a5d69858a4e0d4ddf4b99cfa') in 0.0206848 seconds
Number of updated asset objects reloaded before import = 0Number of asset objects unloaded after import = 7

========================================================================
Received Import Request.
  Time since last request: 0.000034 seconds.
  path: Assets/SimplePixelUI/update 1.15/dropdown_rounded_CC.png
  artifactKey: Guid(b75ba154dac4d664aba533ede099ae21) Importer(2089858483,b0f066a214c2f5e87bad3c948f4d605d)
Start importing Assets/SimplePixelUI/update 1.15/dropdown_rounded_CC.png using Guid(b75ba154dac4d664aba533ede099ae21) Importer(2089858483,b0f066a214c2f5e87bad3c948f4d605d) (ScriptedImporter) -> (artifact id: '37d29108f0ef17993c4c80b20fb50f94') in 0.0253872 seconds
Number of updated asset objects reloaded before import = 0Number of asset objects unloaded after import = 3

========================================================================
Received Import Request.
  Time since last request: 0.000036 seconds.
  path: Assets/SimplePixelUI/update 1.15/dropdown_CC.png
  artifactKey: Guid(ce9a9009142e1b04ebebbacbd4ea07d6) Importer(2089858483,b0f066a214c2f5e87bad3c948f4d605d)
Start importing Assets/SimplePixelUI/update 1.15/dropdown_CC.png using Guid(ce9a9009142e1b04ebebbacbd4ea07d6) Importer(2089858483,b0f066a214c2f5e87bad3c948f4d605d) (ScriptedImporter) -> (artifact id: 'a3d78ac17c221953622eb693520cb4d2') in 0.0247327 seconds
Number of updated asset objects reloaded before import = 0Number of asset objects unloaded after import = 3

========================================================================
Received Import Request.
  Time since last request: 0.000028 seconds.
  path: Assets/SimplePixelUI/fonts/Font1/pixelfont.ttf
  artifactKey: Guid(b6349d08a5335cd4aa534282435d11cc) Importer(2089858483,b0f066a214c2f5e87bad3c948f4d605d)
Start importing Assets/SimplePixelUI/fonts/Font1/pixelfont.ttf using Guid(b6349d08a5335cd4aa534282435d11cc) Importer(2089858483,b0f066a214c2f5e87bad3c948f4d605d) (ScriptedImporter) -> (artifact id: 'b462660be1a99a32a1e8a8b12cc6bd2b') in 0.028844 seconds
Number of updated asset objects reloaded before import = 0Number of asset objects unloaded after import = 3

========================================================================
Received Import Request.
  Time since last request: 0.000034 seconds.
  path: Assets/SimplePixelUI/update 1.15/prefabs/Dropdown_rounded_GB.prefab
  artifactKey: Guid(643bcdea16332e3428ddd2e91a91d473) Importer(2089858483,b0f066a214c2f5e87bad3c948f4d605d)
Start importing Assets/SimplePixelUI/update 1.15/prefabs/Dropdown_rounded_GB.prefab using Guid(643bcdea16332e3428ddd2e91a91d473) Importer(2089858483,b0f066a214c2f5e87bad3c948f4d605d) (ScriptedImporter) -> (artifact id: '0bb080b35b691212f92a3681ff1f33d9') in 0.0498032 seconds
Number of updated asset objects reloaded before import = 0Number of asset objects unloaded after import = 60

========================================================================
Received Prepare
Begin MonoManager ReloadAssembly
[Licensing::Client] Successfully resolved entitlement details
- Loaded All Assemblies, in  1.264 seconds
Refreshing native plugins compatible for Editor in 2.58 ms, found 4 plugins.
Native extension for WindowsStandalone target not found
Native extension for WebGL target not found
[Package Manager] Failed to launch server process. Reason: Unity was launched with the -noUpm command-line argument
[Package Manager] Unable to send message (not connected to server process).
[Package Manager] Cannot connect to Unity Package Manager local server
ScheduleIndexationOnStartup MainProcess:False IndexOnStartup:True
Mono: successfully reloaded assembly
- Finished resetting the current domain, in  1.444 seconds
Domain Reload Profiling: 2714ms
	BeginReloadAssembly (438ms)
		ExecutionOrderSort (0ms)
		DisableScriptedObjects (35ms)
		BackupInstance (0ms)
		ReleaseScriptingObjects (0ms)
		CreateAndSetChildDomain (112ms)
	RebuildCommonClasses (83ms)
	RebuildNativeTypeToScriptingClass (30ms)
	initialDomainReloadingComplete (58ms)
	LoadAllAssembliesAndSetupDomain (660ms)
		LoadAssemblies (563ms)
		RebuildTransferFunctionScriptingTraits (0ms)
		AnalyzeDomain (298ms)
			TypeCache.Refresh (14ms)
				TypeCache.ScanAssembly (0ms)
			BuildScriptInfoCaches (264ms)
			ResolveRequiredComponents (12ms)
	FinalizeReload (1445ms)
		ReleaseScriptCaches (0ms)
		RebuildScriptCaches (0ms)
		SetupLoadedEditorAssemblies (1179ms)
			LogAssemblyErrors (0ms)
			InitializePlatformSupportModulesInManaged (5ms)
			SetLoadedEditorAssemblies (12ms)
			BeforeProcessingInitializeOnLoad (350ms)
			ProcessInitializeOnLoadAttributes (682ms)
			ProcessInitializeOnLoadMethodAttributes (123ms)
			AfterProcessingInitializeOnLoad (6ms)
			EditorAssembliesLoaded (1ms)
		ExecutionOrderSort2 (0ms)
		AwakeInstancesAfterBackupRestoration (14ms)
Refreshing native plugins compatible for Editor in 1.98 ms, found 4 plugins.
Preloading 0 native plugins for Editor in 0.00 ms.
Unloading 0 Unused Serialized files (Serialized files now loaded: 0)
Unloading 5013 unused Assets / (1.1 MB). Loaded Objects now: 5604.
Memory consumption went from 102.2 MB to 101.1 MB.
Total: 12.399000 ms (FindLiveObjects: 0.980200 ms CreateObjectMapping: 0.496400 ms MarkObjects: 8.853200 ms  DeleteObjects: 2.067400 ms)

Prepare: number of updated asset objects reloaded= 0
Editor requested this worker to shutdown with reason: Scaling down because of idle timeout
AssetImportWorker is now disconnected from the server
Process exiting
Exiting without the bug reporter. Application will terminate with return code 0